<?xml version="1.0" encoding="UTF-8"?>
<!-- Generated by org.testng.reporters.JUnitXMLReporter -->
<testsuite ignored="0" hostname="Disha" failures="0" tests="12" name="LoginPageTest" time="50.951" errors="0" timestamp="2023-12-12T22:24:48 GMT">
  <testcase classname="com.nopcommerce.demo.testsuite.LoginPageTest" name="userShouldNavigateToLoginPageSuccessFully" time="0.547"/>
  <testcase classname="com.nopcommerce.demo.testsuite.LoginPageTest" name="verifyErrorMessageWithInvalidCredentials" time="1.387"/>
  <testcase classname="com.nopcommerce.demo.testsuite.LoginPageTest" name="verifyThatUserShouldLogInSuccessFullyWithValidCredentials" time="2.999"/>
  <testcase classname="com.nopcommerce.demo.testsuite.LoginPageTest" name="verifyThatUserShouldLogOutSuccessFully" time="3.39"/>
  <testcase classname="com.nopcommerce.demo.testsuite.RegisterPageTest" name="verifyThatFirstNameLastNameEmailPasswordAndConfirmPasswordFieldsAreMandatory" time="1.029"/>
  <testcase classname="com.nopcommerce.demo.testsuite.RegisterPageTest" name="verifyThatUserShouldCreateAccountSuccessfully" time="2.049"/>
  <testcase classname="com.nopcommerce.demo.testsuite.RegisterPageTest" name="verifyUserShouldNavigateToRegisterPageSuccessfully" time="0.411"/>
  <testcase classname="com.nopcommerce.demo.testsuite.ComputerPageTest" name="verifyThatUserShouldBuildYouOwnComputer" time="4.538"/>
  <testcase classname="com.nopcommerce.demo.testsuite.ComputerPageTest" name="verifyThatUserShouldBuildYouOwnComputer" time="4.536"/>
  <testcase classname="com.nopcommerce.demo.testsuite.ComputerPageTest" name="verifyThatUserShouldBuildYouOwnComputer" time="4.114"/>
  <testcase classname="com.nopcommerce.demo.testsuite.ComputerPageTest" name="verifyUserShouldNavigateToComputerPageSuccessfully" time="0.894"/>
  <testcase classname="com.nopcommerce.demo.testsuite.ComputerPageTest" name="verifyUserShouldNavigateToDesktopsPageSuccessfully" time="1.235"/>
</testsuite> <!-- LoginPageTest -->
