<?xml version="1.0" encoding="UTF-8"?>
<testsuite name="LoginPageTest"
           tests="5"
           failures="0"
           errors="0"
           skipped="0"
           time="15.317">
  <properties />
  
  
            <testcase name="verifyUserShouldNavigateToComputerPageSuccessfully" time="0.894" classname="com.nopcommerce.demo.testsuite.ComputerPageTest" />
                <testcase name="verifyUserShouldNavigateToDesktopsPageSuccessfully" time="1.235" classname="com.nopcommerce.demo.testsuite.ComputerPageTest" />
                <testcase name="verifyThatUserShouldBuildYouOwnComputer" time="4.538" classname="com.nopcommerce.demo.testsuite.ComputerPageTest" />
                <testcase name="verifyThatUserShouldBuildYouOwnComputer" time="4.536" classname="com.nopcommerce.demo.testsuite.ComputerPageTest" />
                <testcase name="verifyThatUserShouldBuildYouOwnComputer" time="4.114" classname="com.nopcommerce.demo.testsuite.ComputerPageTest" />
      
</testsuite>
