<?xml version="1.0" encoding="UTF-8"?>
<testsuite name="LoginPageTest"
           tests="4"
           failures="0"
           errors="0"
           skipped="0"
           time="8.323">
  <properties />
  
  
            <testcase name="verifyThatUserShouldLogInSuccessFullyWithValidCredentials" time="2.999" classname="com.nopcommerce.demo.testsuite.LoginPageTest" />
                <testcase name="userShouldNavigateToLoginPageSuccessFully" time="0.547" classname="com.nopcommerce.demo.testsuite.LoginPageTest" />
                <testcase name="verifyThatUserShouldLogOutSuccessFully" time="3.390" classname="com.nopcommerce.demo.testsuite.LoginPageTest" />
                <testcase name="verifyErrorMessageWithInvalidCredentials" time="1.387" classname="com.nopcommerce.demo.testsuite.LoginPageTest" />
      
</testsuite>
