<?xml version="1.0" encoding="UTF-8"?>
<testsuite name="LoginPageTest"
           tests="3"
           failures="0"
           errors="0"
           skipped="0"
           time="3.489">
  <properties />
  
  
            <testcase name="verifyThatFirstNameLastNameEmailPasswordAndConfirmPasswordFieldsAreMandatory" time="1.029" classname="com.nopcommerce.demo.testsuite.RegisterPageTest" />
                <testcase name="verifyUserShouldNavigateToRegisterPageSuccessfully" time="0.411" classname="com.nopcommerce.demo.testsuite.RegisterPageTest" />
                <testcase name="verifyThatUserShouldCreateAccountSuccessfully" time="2.049" classname="com.nopcommerce.demo.testsuite.RegisterPageTest" />
      
</testsuite>
